PID 7103 received SIGSEGV for address: 0x38
/home/james/node/ParkplatzFinder/node_modules/segfault-handler/build/Release/segfault-handler.node(+0x1a3b)[0x7f939749fa3b]
/usr/lib/libpthread.so.0(+0x11080)[0x7f939d3e8080]
node(_ZN2v88internal9FieldType7AsClassEv+0x15)[0x989f95]
node(_ZN2v88internal9FieldType7ConvertEPNS0_4ZoneE+0x24)[0x98a0f4]
node(_ZN2v88internal8compiler17AccessInfoFactory25ComputePropertyAccessInfoENS0_6HandleINS0_3MapEEENS3_INS0_4NameEEENS1_10AccessModeEPNS1_18PropertyAccessInfoE+0x7ab)[0x787c8b]
node(_ZN2v88internal8compiler17AccessInfoFactory26ComputePropertyAccessInfosERKNS0_4ListINS0_6HandleINS0_3MapEEENS0_25FreeStoreAllocationPolicyEEENS4_INS0_4NameEEENS1_10AccessModeEPNS0_10ZoneVectorINS1_18PropertyAccessInfoEEE+0xae)[0x78831e]
node(_ZN2v88internal8compiler29JSNativeContextSpecialization17ReduceNamedAccessEPNS1_4NodeES4_RKNS0_4ListINS0_6HandleINS0_3MapEEENS0_25FreeStoreAllocationPolicyEEENS6_INS0_4NameEEENS1_10AccessModeENS0_12LanguageModeES4_+0x156)[0x7f9566]
node(_ZN2v88internal8compiler29JSNativeContextSpecialization17ReduceNamedAccessEPNS1_4NodeES4_RKNS0_13FeedbackNexusENS0_6HandleINS0_4NameEEENS1_10AccessModeENS0_12LanguageModeE+0xff)[0x7fb3af]
node(_ZN2v88internal8compiler29JSNativeContextSpecialization17ReduceJSLoadNamedEPNS1_4NodeE+0x7f)[0x7fb43f]
node(_ZN2v88internal8compiler29JSNativeContextSpecialization6ReduceEPNS1_4NodeE+0x45)[0x7fda15]
node(_ZN2v88internal8compiler12GraphReducer6ReduceEPNS1_4NodeE+0x36)[0x7ca506]
node(_ZN2v88internal8compiler12GraphReducer9ReduceTopEv+0x1cc)[0x7caf5c]
node(_ZN2v88internal8compiler12GraphReducer10ReduceNodeEPNS1_4NodeE+0x68)[0x7cb088]
node(_ZN2v88internal8compiler8Pipeline12GenerateCodeEv+0xa4d)[0x8325ed]
node(_ZN2v88internal19OptimizedCompileJob11CreateGraphEv+0x412)[0x8895a2]
node[0x88a945]
node(_ZN2v88internal8Compiler16CompileOptimizedENS0_6HandleINS0_10JSFunctionEEENS1_15ConcurrencyModeE+0x39)[0x88b6d9]
node(_ZN2v88internal35Runtime_CompileOptimized_ConcurrentEiPPNS0_6ObjectEPNS0_7IsolateE+0x235)[0xb63e05]
[0xccfde8092a7]
