0 info it worked if it ends with ok
1 verbose cli [ 'C:\\Program Files\\nodejs\\node.exe',
1 verbose cli   'C:\\Program Files\\nodejs\\node_modules\\npm\\bin\\npm-cli.js',
1 verbose cli   'start' ]
2 info using npm@3.10.3
3 info using node@v6.3.1
4 verbose run-script [ 'prestart', 'start', 'poststart' ]
5 info lifecycle deutsche-bahn@0.0.0~prestart: deutsche-bahn@0.0.0
6 silly lifecycle deutsche-bahn@0.0.0~prestart: no script for prestart, continuing
7 info lifecycle deutsche-bahn@0.0.0~start: deutsche-bahn@0.0.0
8 verbose lifecycle deutsche-bahn@0.0.0~start: unsafe-perm in lifecycle true
9 verbose lifecycle deutsche-bahn@0.0.0~start: PATH: C:\Program Files\nodejs\node_modules\npm\bin\node-gyp-bin;C:\Users\james\node\ParkplatzFinder\node_modules\.bin;C:\Program Files\nodejs;C:\ProgramData\Oracle\Java\javapath;C:\WINDOWS\system32;C:\WINDOWS;C:\WINDOWS\System32\Wbem;C:\WINDOWS\System32\WindowsPowerShell\v1.0\;C:\ProgramData\chocolatey\bin;C:\Python27;C:\Program Files (x86)\Java\jdk1.8.0_101\bin;C:\Program Files\Git\cmd;C:\Program Files\Java\jdk1.8.0_102\bin;C:\Program Files\nodejs\;C:\Users\james\.dnx\bin;C:\Program Files\Microsoft DNX\Dnvm\;C:\Program Files\Microsoft SQL Server\130\Tools\Binn\;C:\Program Files (x86)\Skype\Phone\;C:\tools\SQLite;;C:\ProgramData\Oracle\Java\javapath;C:\Windows\system32;C:\Windows;C:\Windows\System32\Wbem;C:\Windows\System32\WindowsPowerShell\v1.0\;C:\ProgramData\chocolatey\bin;C:\Python27;C:\Program Files (x86)\Java\jdk1.8.0_101\bin;C:\Program Files\Git\cmd;C:\Program Files\Java\jdk1.8.0_102\bin;C:\Program Files\nodejs\;C:\Users\james\.dnx\bin;C:\Program Files\Microsoft DNX\Dnvm\;C:\Program Files\Microsoft SQL Server\130\Tools\Binn\;C:\Python27\Scripts;C:\Users\james\AppData\Roaming\npm;;C:\Users\james\AppData\Local\Microsoft\WindowsApps;C:\ProgramData\chocolatey\lib\elasticsearch\tools\elasticsearch-2.3.1\bin;C:\PostgreSQL\bin;
10 verbose lifecycle deutsche-bahn@0.0.0~start: CWD: C:\Users\james\node\ParkplatzFinder
11 silly lifecycle deutsche-bahn@0.0.0~start: Args: [ '/d /s /c', 'grunt' ]
12 silly lifecycle deutsche-bahn@0.0.0~start: Returned: code: 2  signal: null
13 info lifecycle deutsche-bahn@0.0.0~start: Failed to exec start script
14 verbose stack Error: deutsche-bahn@0.0.0 start: `grunt`
14 verbose stack Exit status 2
14 verbose stack     at EventEmitter.<anonymous> (C:\Program Files\nodejs\node_modules\npm\lib\utils\lifecycle.js:242:16)
14 verbose stack     at emitTwo (events.js:106:13)
14 verbose stack     at EventEmitter.emit (events.js:191:7)
14 verbose stack     at ChildProcess.<anonymous> (C:\Program Files\nodejs\node_modules\npm\lib\utils\spawn.js:40:14)
14 verbose stack     at emitTwo (events.js:106:13)
14 verbose stack     at ChildProcess.emit (events.js:191:7)
14 verbose stack     at maybeClose (internal/child_process.js:852:16)
14 verbose stack     at Process.ChildProcess._handle.onexit (internal/child_process.js:215:5)
15 verbose pkgid deutsche-bahn@0.0.0
16 verbose cwd C:\Users\james\node\ParkplatzFinder
17 error Windows_NT 10.0.14393
18 error argv "C:\\Program Files\\nodejs\\node.exe" "C:\\Program Files\\nodejs\\node_modules\\npm\\bin\\npm-cli.js" "start"
19 error node v6.3.1
20 error npm  v3.10.3
21 error code ELIFECYCLE
22 error deutsche-bahn@0.0.0 start: `grunt`
22 error Exit status 2
23 error Failed at the deutsche-bahn@0.0.0 start script 'grunt'.
23 error Make sure you have the latest version of node.js and npm installed.
23 error If you do, this is most likely a problem with the deutsche-bahn package,
23 error not with npm itself.
23 error Tell the author that this fails on your system:
23 error     grunt
23 error You can get information on how to open an issue for this project with:
23 error     npm bugs deutsche-bahn
23 error Or if that isn't available, you can get their info via:
23 error     npm owner ls deutsche-bahn
23 error There is likely additional logging output above.
24 verbose exit [ 1, true ]
